<?xml version="1.0" encoding="UTF-8"?>
<!-- Generated by org.testng.reporters.JUnitReportReporter -->
<testsuite skipped="0" hostname="IN-4DL5RV2-10" name="testcases.HotelSearch" tests="1" failures="0" timestamp="09 Nov 2019 03:16:44 GMT" time="28.536" errors="0">
  <testcase name="hotelSearch" time="28.536" classname="testcases.HotelSearch"/>
</testsuite> <!-- testcases.HotelSearch -->
