<?xml version="1.0" encoding="UTF-8"?>
<!-- Generated by org.testng.reporters.JUnitReportReporter -->
<testsuite skipped="0" hostname="IN-4DL5RV2-10" name="testcases.HotelSearchTest" tests="1" failures="0" timestamp="10 Nov 2019 04:53:29 GMT" time="30.312" errors="0">
  <testcase name="hotelSearch" time="30.312" classname="testcases.HotelSearchTest"/>
</testsuite> <!-- testcases.HotelSearchTest -->
