<?xml version="1.0" encoding="UTF-8"?>
<!-- Generated by org.testng.reporters.JUnitReportReporter -->
<testsuite skipped="0" hostname="IN-4DL5RV2-10" name="testcases.FlightSearch" tests="1" failures="0" timestamp="09 Nov 2019 04:10:52 GMT" time="11.489" errors="0">
  <testcase name="verifyHomePage" time="11.489" classname="testcases.FlightSearch"/>
</testsuite> <!-- testcases.FlightSearch -->
